app/build/intermediates/manifest_merge_blame_file/release/manifest-merger-blame-release-report.txt
1<?xml version="1.0" encoding="utf-8"?>
2<manifest xmlns:android="http://schemas.android.com/apk/res/android"
3    package="com.lilyondroid.lily"
4    android:versionCode="4"
5    android:versionName="1.0.0" >
6
7    <uses-sdk
8        android:minSdkVersion="26"
8-->src\main\AndroidManifest.xml
9        android:targetSdkVersion="29" />
9-->src\main\AndroidManifest.xml
10
11    <uses-permission android:name="android.permission.ACCESS_COARSE_LOCATION" />
11-->src\main\AndroidManifest.xml:5:5-81
11-->src\main\AndroidManifest.xml:5:22-78
12    <uses-permission android:name="android.permission.ACCESS_FINE_LOCATION" />
12-->src\main\AndroidManifest.xml:6:5-79
12-->src\main\AndroidManifest.xml:6:22-76
13    <uses-permission android:name="android.permission.INTERNET" />
13-->src\main\AndroidManifest.xml:7:5-67
13-->src\main\AndroidManifest.xml:7:22-64
14    <uses-permission android:name="android.permission.CALL_PHONE" />
14-->src\main\AndroidManifest.xml:8:5-69
14-->src\main\AndroidManifest.xml:8:22-66
15    <uses-permission android:name="android.permission.WRITE_EXTERNAL_STORAGE" />
15-->src\main\AndroidManifest.xml:9:5-81
15-->src\main\AndroidManifest.xml:9:22-78
16    <uses-permission android:name="android.permission.READ_PHONE_STATE" />
16-->src\main\AndroidManifest.xml:10:5-75
16-->src\main\AndroidManifest.xml:10:22-72
17    <uses-permission android:name="android.permission.ACCESS_NETWORK_STATE" />
17-->src\main\AndroidManifest.xml:11:5-79
17-->src\main\AndroidManifest.xml:11:22-76
18    <uses-permission android:name="android.permission.ACCESS_WIFI_STATE" />
18-->src\main\AndroidManifest.xml:12:5-76
18-->src\main\AndroidManifest.xml:12:22-73
19    <uses-permission android:name="android.permission.VIBRATE" />
19-->src\main\AndroidManifest.xml:13:5-66
19-->src\main\AndroidManifest.xml:13:22-63
20
21    <uses-feature
21-->src\main\AndroidManifest.xml:15:5-17:35
22        android:glEsVersion="0x00020000"
22-->src\main\AndroidManifest.xml:16:9-41
23        android:required="true" />
23-->src\main\AndroidManifest.xml:17:9-32
24
25    <!-- Permissions required for GCM -->
26    <uses-permission android:name="com.google.android.c2dm.permission.RECEIVE" /> <!-- Optional permission for Analytics to run. -->
26-->[com.google.android.gms:play-services-gcm:11.2.2] AndroidManifest.xml:20:5-81
26-->[com.google.android.gms:play-services-gcm:11.2.2] AndroidManifest.xml:20:22-79
27    <uses-permission android:name="android.permission.WAKE_LOCK" />
27-->[com.google.android.gms:play-services-analytics:11.2.2] AndroidManifest.xml:24:5-67
27-->[com.google.android.gms:play-services-analytics:11.2.2] AndroidManifest.xml:24:22-65
28    <uses-permission android:name="android.permission.READ_EXTERNAL_STORAGE" />
29
30    <permission
30-->[com.google.firebase:firebase-iid:11.2.2] AndroidManifest.xml:24:5-109
31        android:name="com.lilyondroid.lily.permission.C2D_MESSAGE"
31-->[com.google.firebase:firebase-iid:11.2.2] AndroidManifest.xml:24:17-71
32        android:protectionLevel="signature" />
32-->[com.google.firebase:firebase-iid:11.2.2] AndroidManifest.xml:24:72-107
33
34    <uses-permission android:name="com.lilyondroid.lily.permission.C2D_MESSAGE" />
34-->[com.google.firebase:firebase-iid:11.2.2] AndroidManifest.xml:26:5-78
34-->[com.google.firebase:firebase-iid:11.2.2] AndroidManifest.xml:26:22-76
35
36    <application
36-->src\main\AndroidManifest.xml:19:5-100:19
37        android:allowBackup="true"
37-->src\main\AndroidManifest.xml:20:9-35
38        android:appComponentFactory="androidx.core.app.CoreComponentFactory"
38-->[androidx.core:core:1.0.0] AndroidManifest.xml:22:18-86
39        android:hardwareAccelerated="true"
39-->src\main\AndroidManifest.xml:21:9-43
40        android:icon="@mipmap/ic_launcher"
40-->src\main\AndroidManifest.xml:22:9-43
41        android:label="@string/app_name"
41-->src\main\AndroidManifest.xml:23:9-41
42        android:theme="@style/AppTheme"
42-->src\main\AndroidManifest.xml:25:9-40
43        android:usesCleartextTraffic="true" >
43-->src\main\AndroidManifest.xml:24:9-44
44        <activity
44-->src\main\AndroidManifest.xml:26:9-35:20
45            android:name="com.lilyondroid.lily.application.ActivitySplash"
45-->src\main\AndroidManifest.xml:27:13-55
46            android:label="@string/app_name"
46-->src\main\AndroidManifest.xml:28:13-45
47            android:screenOrientation="portrait" >
47-->src\main\AndroidManifest.xml:29:13-49
48            <intent-filter>
48-->src\main\AndroidManifest.xml:30:13-34:29
49                <action android:name="android.intent.action.MAIN" />
49-->src\main\AndroidManifest.xml:31:17-69
49-->src\main\AndroidManifest.xml:31:25-66
50
51                <category android:name="android.intent.category.LAUNCHER" />
51-->src\main\AndroidManifest.xml:33:17-77
51-->src\main\AndroidManifest.xml:33:27-74
52            </intent-filter>
53        </activity>
54        <activity
54-->src\main\AndroidManifest.xml:36:9-45:20
55            android:name="com.lilyondroid.lily.home.MainActivity"
55-->src\main\AndroidManifest.xml:37:13-46
56            android:label="@string/app_name"
56-->src\main\AndroidManifest.xml:38:13-45
57            android:screenOrientation="portrait" >
57-->src\main\AndroidManifest.xml:39:13-49
58            <intent-filter>
58-->src\main\AndroidManifest.xml:40:13-44:29
59                <action android:name="android.intent.action.MAIN" />
59-->src\main\AndroidManifest.xml:31:17-69
59-->src\main\AndroidManifest.xml:31:25-66
60
61                <category android:name="android.intent.category.DEFAULT" />
61-->src\main\AndroidManifest.xml:43:17-76
61-->src\main\AndroidManifest.xml:43:27-73
62            </intent-filter>
63        </activity>
64        <activity
64-->src\main\AndroidManifest.xml:46:17-48:52
65            android:name="com.lilyondroid.lily.application.ActivityAbout"
65-->src\main\AndroidManifest.xml:47:13-54
66            android:screenOrientation="portrait" />
66-->src\main\AndroidManifest.xml:48:13-49
67        <activity
67-->src\main\AndroidManifest.xml:49:9-51:52
68            android:name="com.lilyondroid.lily.authenticate.ActivityLogin"
68-->src\main\AndroidManifest.xml:50:13-55
69            android:screenOrientation="portrait" />
69-->src\main\AndroidManifest.xml:51:13-49
70
71        <service
71-->src\main\AndroidManifest.xml:53:9-56:55
72            android:name="com.lilyondroid.lily.services.LilyGPSLocationService"
72-->src\main\AndroidManifest.xml:54:13-60
73            android:exported="false"
73-->src\main\AndroidManifest.xml:55:13-37
74            android:process=":gps_location_service" />
74-->src\main\AndroidManifest.xml:56:13-52
75
76        <receiver android:name="com.lilyondroid.lily.utilities.LilyBroadcastReceiver" >
76-->src\main\AndroidManifest.xml:58:9-65:20
76-->src\main\AndroidManifest.xml:58:19-66
77            <intent-filter>
77-->src\main\AndroidManifest.xml:59:13-61:29
78                <action android:name="com.lilyondroid.lily.BROADCAST" />
78-->src\main\AndroidManifest.xml:60:17-73
78-->src\main\AndroidManifest.xml:60:25-70
79            </intent-filter>
80            <intent-filter>
80-->src\main\AndroidManifest.xml:62:13-64:29
81                <action android:name="com.lilyondroid.lily.STATUS" />
81-->src\main\AndroidManifest.xml:63:17-70
81-->src\main\AndroidManifest.xml:63:25-67
82            </intent-filter>
83        </receiver>
84
85        <activity
85-->src\main\AndroidManifest.xml:67:9-70:47
86            android:name="com.lilyondroid.lily.categories.ActivityCategory"
86-->src\main\AndroidManifest.xml:68:13-56
87            android:label="@string/title_activity_category"
87-->src\main\AndroidManifest.xml:69:13-60
88            android:theme="@style/AppTheme" />
88-->src\main\AndroidManifest.xml:70:13-44
89        <activity
89-->src\main\AndroidManifest.xml:71:9-74:47
90            android:name="com.lilyondroid.lily.product.ActivityProductDetail"
90-->src\main\AndroidManifest.xml:72:13-58
91            android:label="@string/title_activity_product_detail"
91-->src\main\AndroidManifest.xml:73:13-66
92            android:theme="@style/AppTheme" />
92-->src\main\AndroidManifest.xml:74:13-44
93
94        <service android:name="com.lilyondroid.lily.services.LilyFirebaseMessaging" >
94-->src\main\AndroidManifest.xml:76:9-80:19
94-->src\main\AndroidManifest.xml:76:18-64
95            <intent-filter>
95-->src\main\AndroidManifest.xml:77:13-79:29
96                <action android:name="com.google.firebase.MESSAGING_EVENT" />
96-->src\main\AndroidManifest.xml:78:17-78
96-->src\main\AndroidManifest.xml:78:25-75
97            </intent-filter>
98        </service>
99        <service android:name="com.lilyondroid.lily.services.LilyFirebaseInstanceIDService" >
99-->src\main\AndroidManifest.xml:81:9-85:19
99-->src\main\AndroidManifest.xml:81:18-72
100            <intent-filter>
100-->src\main\AndroidManifest.xml:82:13-84:29
101                <action android:name="com.google.firebase.INSTANCE_ID_EVENT" />
101-->src\main\AndroidManifest.xml:83:17-80
101-->src\main\AndroidManifest.xml:83:25-77
102            </intent-filter>
103        </service>
104
105        <meta-data
105-->src\main\AndroidManifest.xml:87:9-89:52
106            android:name="com.google.firebase.messaging.default_notification_icon"
106-->src\main\AndroidManifest.xml:88:13-83
107            android:resource="@drawable/ic_lily" />
107-->src\main\AndroidManifest.xml:89:13-49
108        <meta-data
108-->src\main\AndroidManifest.xml:90:9-92:53
109            android:name="com.google.firebase.messaging.default_notification_color"
109-->src\main\AndroidManifest.xml:91:13-84
110            android:resource="@color/ColorAccent" />
110-->src\main\AndroidManifest.xml:92:13-50
111
112        <activity android:name="com.lilyondroid.lily.application.ActivitySettings" />
112-->src\main\AndroidManifest.xml:94:9-66
112-->src\main\AndroidManifest.xml:94:19-63
113        <activity android:name="com.lilyondroid.lily.notification.ActivityNotification" >
113-->src\main\AndroidManifest.xml:95:9-99:20
113-->src\main\AndroidManifest.xml:95:19-68
114            <intent-filter>
114-->src\main\AndroidManifest.xml:96:13-98:29
115                <action android:name="android.intent.action.MAIN" />
115-->src\main\AndroidManifest.xml:31:17-69
115-->src\main\AndroidManifest.xml:31:25-66
116            </intent-filter>
117        </activity>
118        <!--
119         FirebaseMessagingService performs security checks at runtime,
120             no need for explicit permissions despite exported="true"
121        -->
122        <service
122-->[com.google.firebase:firebase-messaging:11.2.2] AndroidManifest.xml:23:9-27:19
123            android:name="com.google.firebase.messaging.FirebaseMessagingService"
123-->[com.google.firebase:firebase-messaging:11.2.2] AndroidManifest.xml:23:18-87
124            android:exported="true" >
124-->[com.google.firebase:firebase-messaging:11.2.2] AndroidManifest.xml:23:88-111
125            <intent-filter android:priority="-500" >
125-->src\main\AndroidManifest.xml:77:13-79:29
126                <action android:name="com.google.firebase.MESSAGING_EVENT" />
126-->src\main\AndroidManifest.xml:78:17-78
126-->src\main\AndroidManifest.xml:78:25-75
127            </intent-filter>
128        </service>
129
130        <receiver
130-->[com.google.firebase:firebase-analytics:11.2.2] AndroidManifest.xml:25:7-26:18
131            android:name="com.google.android.gms.measurement.AppMeasurementReceiver"
131-->[com.google.firebase:firebase-analytics:11.2.2] AndroidManifest.xml:25:17-89
132            android:enabled="true"
132-->[com.google.firebase:firebase-analytics:11.2.2] AndroidManifest.xml:25:90-112
133            android:exported="false" >
133-->[com.google.firebase:firebase-analytics:11.2.2] AndroidManifest.xml:25:113-137
134        </receiver>
135        <receiver
135-->[com.google.firebase:firebase-analytics:11.2.2] AndroidManifest.xml:27:7-31:18
136            android:name="com.google.android.gms.measurement.AppMeasurementInstallReferrerReceiver"
136-->[com.google.firebase:firebase-analytics:11.2.2] AndroidManifest.xml:27:17-104
137            android:enabled="true"
137-->[com.google.firebase:firebase-analytics:11.2.2] AndroidManifest.xml:27:162-184
138            android:exported="true"
138-->[com.google.firebase:firebase-analytics:11.2.2] AndroidManifest.xml:27:185-208
139            android:permission="android.permission.INSTALL_PACKAGES" >
139-->[com.google.firebase:firebase-analytics:11.2.2] AndroidManifest.xml:27:105-161
140            <intent-filter>
140-->[com.google.firebase:firebase-analytics:11.2.2] AndroidManifest.xml:28:11-30:27
141                <action android:name="com.android.vending.INSTALL_REFERRER" />
141-->[com.google.firebase:firebase-analytics:11.2.2] AndroidManifest.xml:29:15-76
141-->[com.google.firebase:firebase-analytics:11.2.2] AndroidManifest.xml:29:23-74
142            </intent-filter>
143        </receiver>
144
145        <service
145-->[com.google.firebase:firebase-analytics:11.2.2] AndroidManifest.xml:32:7-137
146            android:name="com.google.android.gms.measurement.AppMeasurementService"
146-->[com.google.firebase:firebase-analytics:11.2.2] AndroidManifest.xml:32:16-87
147            android:enabled="true"
147-->[com.google.firebase:firebase-analytics:11.2.2] AndroidManifest.xml:32:88-110
148            android:exported="false" />
148-->[com.google.firebase:firebase-analytics:11.2.2] AndroidManifest.xml:32:111-135
149        <service
149-->[com.google.firebase:firebase-analytics:11.2.2] AndroidManifest.xml:33:7-197
150            android:name="com.google.android.gms.measurement.AppMeasurementJobService"
150-->[com.google.firebase:firebase-analytics:11.2.2] AndroidManifest.xml:33:16-90
151            android:enabled="true"
151-->[com.google.firebase:firebase-analytics:11.2.2] AndroidManifest.xml:33:148-170
152            android:exported="false"
152-->[com.google.firebase:firebase-analytics:11.2.2] AndroidManifest.xml:33:171-195
153            android:permission="android.permission.BIND_JOB_SERVICE" />
153-->[com.google.firebase:firebase-analytics:11.2.2] AndroidManifest.xml:33:91-147
154
155        <activity
155-->[com.google.android.gms:play-services-base:11.2.2] AndroidManifest.xml:19:9-172
156            android:name="com.google.android.gms.common.api.GoogleApiActivity"
156-->[com.google.android.gms:play-services-base:11.2.2] AndroidManifest.xml:19:19-85
157            android:exported="false"
157-->[com.google.android.gms:play-services-base:11.2.2] AndroidManifest.xml:19:146-170
158            android:theme="@android:style/Theme.Translucent.NoTitleBar" />
158-->[com.google.android.gms:play-services-base:11.2.2] AndroidManifest.xml:19:86-145
159
160        <receiver
160-->[com.google.firebase:firebase-iid:11.2.2] AndroidManifest.xml:30:9-35:20
161            android:name="com.google.firebase.iid.FirebaseInstanceIdReceiver"
161-->[com.google.firebase:firebase-iid:11.2.2] AndroidManifest.xml:30:19-84
162            android:exported="true"
162-->[com.google.firebase:firebase-iid:11.2.2] AndroidManifest.xml:30:85-108
163            android:permission="com.google.android.c2dm.permission.SEND" >
163-->[com.google.firebase:firebase-iid:11.2.2] AndroidManifest.xml:30:109-169
164            <intent-filter>
164-->[com.google.firebase:firebase-iid:11.2.2] AndroidManifest.xml:31:13-34:29
165                <action android:name="com.google.android.c2dm.intent.RECEIVE" />
165-->[com.google.firebase:firebase-iid:11.2.2] AndroidManifest.xml:32:17-80
165-->[com.google.firebase:firebase-iid:11.2.2] AndroidManifest.xml:32:25-78
166
167                <category android:name="com.lilyondroid.lily" />
167-->[com.google.firebase:firebase-iid:11.2.2] AndroidManifest.xml:33:17-60
167-->[com.google.firebase:firebase-iid:11.2.2] AndroidManifest.xml:33:27-58
168            </intent-filter>
169        </receiver>
170        <!--
171 Internal (not exported) receiver used by the app to start its own exported services
172             without risk of being spoofed.
173        -->
174        <receiver
174-->[com.google.firebase:firebase-iid:11.2.2] AndroidManifest.xml:39:9-119
175            android:name="com.google.firebase.iid.FirebaseInstanceIdInternalReceiver"
175-->[com.google.firebase:firebase-iid:11.2.2] AndroidManifest.xml:39:19-92
176            android:exported="false" />
176-->[com.google.firebase:firebase-iid:11.2.2] AndroidManifest.xml:39:93-117
177        <!--
178 FirebaseInstanceIdService performs security checks at runtime,
179             no need for explicit permissions despite exported="true"
180        -->
181        <service
181-->[com.google.firebase:firebase-iid:11.2.2] AndroidManifest.xml:43:9-47:19
182            android:name="com.google.firebase.iid.FirebaseInstanceIdService"
182-->[com.google.firebase:firebase-iid:11.2.2] AndroidManifest.xml:43:18-82
183            android:exported="true" >
183-->[com.google.firebase:firebase-iid:11.2.2] AndroidManifest.xml:43:83-106
184            <intent-filter android:priority="-500" >
184-->src\main\AndroidManifest.xml:82:13-84:29
185                <action android:name="com.google.firebase.INSTANCE_ID_EVENT" />
185-->src\main\AndroidManifest.xml:83:17-80
185-->src\main\AndroidManifest.xml:83:25-77
186            </intent-filter>
187        </service>
188
189        <provider
189-->[com.google.firebase:firebase-common:11.2.2] AndroidManifest.xml:6:9-194
190            android:name="com.google.firebase.provider.FirebaseInitProvider"
190-->[com.google.firebase:firebase-common:11.2.2] AndroidManifest.xml:6:79-143
191            android:authorities="com.lilyondroid.lily.firebaseinitprovider"
191-->[com.google.firebase:firebase-common:11.2.2] AndroidManifest.xml:6:19-78
192            android:exported="false"
192-->[com.google.firebase:firebase-common:11.2.2] AndroidManifest.xml:6:144-168
193            android:initOrder="100" />
193-->[com.google.firebase:firebase-common:11.2.2] AndroidManifest.xml:6:169-192
194
195        <meta-data
195-->[com.google.android.gms:play-services-basement:11.2.2] AndroidManifest.xml:20:9-121
196            android:name="com.google.android.gms.version"
196-->[com.google.android.gms:play-services-basement:11.2.2] AndroidManifest.xml:20:20-65
197            android:value="@integer/google_play_services_version" />
197-->[com.google.android.gms:play-services-basement:11.2.2] AndroidManifest.xml:20:66-119
198    </application>
199
200</manifest>